Mon Nov 18 13:03:47 2024


FIT:    data read from 'profthermo.dat' using 2:8
        format = x:z
        #datapoints = 21
        residuals are weighted equally (unit weight)

function used for fitting: Cp(x)
	Cp(T) = DeltaCp + (DeltaH * exp((DeltaH * (1 - T / Tm)) / (R * T))) / (R * Tm * (1 + exp((DeltaH * (1 - T / Tm)) / (R * T)))**2) + (a+b*T)*M/1000
fitted parameters initialized with current variable values

iter      chisq       delta/lim  lambda   DeltaCp       DeltaH        Tm           
   0 2.0256367440e+04   0.00e+00  3.39e+02    3.000000e+01   5.000000e+02   3.600000e+02
   7 3.1526765576e+00  -1.21e-01  3.39e-05   -1.637748e-01   1.328488e+02   3.602226e+02

After 7 iterations the fit converged.
final sum of squares of residuals : 3.15268
rel. change during last iteration : -1.2076e-06

degrees of freedom    (FIT_NDF)                        : 18
rms of residuals      (FIT_STDFIT) = sqrt(WSSR/ndf)    : 0.418508
variance of residuals (reduced chisquare) = WSSR/ndf   : 0.175149

Final set of parameters            Asymptotic Standard Error
=======================            ==========================
DeltaCp         = -0.163775        +/- 0.09142      (55.82%)
DeltaH          = 132.849          +/- 2.987        (2.248%)
Tm              = 360.223          +/- 0.3303       (0.09168%)

correlation matrix of the fit parameters:
                DeltaC DeltaH Tm     
DeltaCp         1.000 
DeltaH         -0.041  1.000 
Tm             -0.019  0.067  1.000 
