Mon Nov 18 13:03:47 2024


FIT:    data read from 'profthermo.dat' using 2:8
        format = x:z
        #datapoints = 21
        residuals are weighted equally (unit weight)

function used for fitting: Cp(x)
	Cp(T) = DeltaCp + (DeltaH * exp((DeltaH * (1 - T / Tm)) / (R * T))) / (R * Tm * (1 + exp((DeltaH * (1 - T / Tm)) / (R * T)))**2) + (a+b*T)*M/1000
fitted parameters initialized with current variable values

iter      chisq       delta/lim  lambda   DeltaCp       DeltaH        Tm           
   0 2.0256367440e+04   0.00e+00  3.39e+02    3.000000e+01   5.000000e+02   3.600000e+02
   7 3.1526765576e+00  -1.21e-01  3.39e-05   -1.637748e-01   1.328488e+02   3.602226e+02

After 7 iterations the fit converged.
final sum of squares of residuals : 3.15268
rel. change during last iteration : -1.2076e-06

degrees of freedom    (FIT_NDF)                        : 18
rms of residuals      (FIT_STDFIT) = sqrt(WSSR/ndf)    : 0.418508
variance of residuals (reduced chisquare) = WSSR/ndf   : 0.175149

Final set of parameters            Asymptotic Standard Error
=======================            ==========================
DeltaCp         = -0.163775        +/- 0.09142      (55.82%)
DeltaH          = 132.849          +/- 2.987        (2.248%)
Tm              = 360.223          +/- 0.3303       (0.09168%)

correlation matrix of the fit parameters:
                DeltaC DeltaH Tm     
DeltaCp         1.000 
DeltaH         -0.041  1.000 
Tm             -0.019  0.067  1.000 


*******************************************************************************
Mon Nov 18 13:07:26 2024


FIT:    data read from 'profthermo.dat' using 2:8
        format = x:z
        #datapoints = 21
        residuals are weighted equally (unit weight)

function used for fitting: Cp(x)
	Cp(T) = DeltaCp + (DeltaH * exp((DeltaH * (1 - T / Tm)) / (R * T))) / (R * Tm * (1 + exp((DeltaH * (1 - T / Tm)) / (R * T)))**2) + (a+b*T)*M/1000
fitted parameters initialized with current variable values

iter      chisq       delta/lim  lambda   DeltaCp       DeltaH        Tm           
   0 2.0256367440e+04   0.00e+00  3.39e+02    3.000000e+01   5.000000e+02   3.600000e+02
   7 3.1526765576e+00  -1.21e-01  3.39e-05   -1.637748e-01   1.328488e+02   3.602226e+02

After 7 iterations the fit converged.
final sum of squares of residuals : 3.15268
rel. change during last iteration : -1.2076e-06

degrees of freedom    (FIT_NDF)                        : 18
rms of residuals      (FIT_STDFIT) = sqrt(WSSR/ndf)    : 0.418508
variance of residuals (reduced chisquare) = WSSR/ndf   : 0.175149

Final set of parameters            Asymptotic Standard Error
=======================            ==========================
DeltaCp         = -0.163775        +/- 0.09142      (55.82%)
DeltaH          = 132.849          +/- 2.987        (2.248%)
Tm              = 360.223          +/- 0.3303       (0.09168%)

correlation matrix of the fit parameters:
                DeltaC DeltaH Tm     
DeltaCp         1.000 
DeltaH         -0.041  1.000 
Tm             -0.019  0.067  1.000 


*******************************************************************************
Mon Nov 18 13:07:53 2024


FIT:    data read from 'profthermo.dat' using 2:8
        format = x:z
        #datapoints = 21
        residuals are weighted equally (unit weight)

function used for fitting: Cp(x)
	Cp(T) = DeltaCp + (DeltaH * exp((DeltaH * (1 - T / Tm)) / (R * T))) / (R * Tm * (1 + exp((DeltaH * (1 - T / Tm)) / (R * T)))**2) + (a+b*T)*M/1000
fitted parameters initialized with current variable values

iter      chisq       delta/lim  lambda   DeltaCp       DeltaH        Tm           
   0 2.0256367440e+04   0.00e+00  3.39e+02    3.000000e+01   5.000000e+02   3.600000e+02
   7 3.1526765576e+00  -1.21e-01  3.39e-05   -1.637748e-01   1.328488e+02   3.602226e+02

After 7 iterations the fit converged.
final sum of squares of residuals : 3.15268
rel. change during last iteration : -1.2076e-06

degrees of freedom    (FIT_NDF)                        : 18
rms of residuals      (FIT_STDFIT) = sqrt(WSSR/ndf)    : 0.418508
variance of residuals (reduced chisquare) = WSSR/ndf   : 0.175149

Final set of parameters            Asymptotic Standard Error
=======================            ==========================
DeltaCp         = -0.163775        +/- 0.09142      (55.82%)
DeltaH          = 132.849          +/- 2.987        (2.248%)
Tm              = 360.223          +/- 0.3303       (0.09168%)

correlation matrix of the fit parameters:
                DeltaC DeltaH Tm     
DeltaCp         1.000 
DeltaH         -0.041  1.000 
Tm             -0.019  0.067  1.000 


*******************************************************************************
Mon Nov 18 13:08:26 2024


FIT:    data read from 'profthermo.dat' using 2:8
        format = x:z
        #datapoints = 21
        residuals are weighted equally (unit weight)

function used for fitting: Cp(x)
	Cp(T) = DeltaCp + (DeltaH * exp((DeltaH * (1 - T / Tm)) / (R * T))) / (R * Tm * (1 + exp((DeltaH * (1 - T / Tm)) / (R * T)))**2) + (a+b*T)*M/1000
fitted parameters initialized with current variable values

iter      chisq       delta/lim  lambda   DeltaCp       DeltaH        Tm           
   0 3.2789750757e+03   0.00e+00  3.39e+02    1.000000e+01   5.000000e+02   3.600000e+02
   7 3.1526765278e+00  -1.11e-01  3.39e-05   -1.637748e-01   1.328488e+02   3.602226e+02

After 7 iterations the fit converged.
final sum of squares of residuals : 3.15268
rel. change during last iteration : -1.10807e-06

degrees of freedom    (FIT_NDF)                        : 18
rms of residuals      (FIT_STDFIT) = sqrt(WSSR/ndf)    : 0.418508
variance of residuals (reduced chisquare) = WSSR/ndf   : 0.175149

Final set of parameters            Asymptotic Standard Error
=======================            ==========================
DeltaCp         = -0.163775        +/- 0.09142      (55.82%)
DeltaH          = 132.849          +/- 2.987        (2.248%)
Tm              = 360.223          +/- 0.3303       (0.09168%)

correlation matrix of the fit parameters:
                DeltaC DeltaH Tm     
DeltaCp         1.000 
DeltaH         -0.041  1.000 
Tm             -0.019  0.067  1.000 


*******************************************************************************
Mon Nov 18 13:09:41 2024


FIT:    data read from 'profthermo.dat' using 2:8
        format = x:z
        #datapoints = 21
        residuals are weighted equally (unit weight)

function used for fitting: Cp(x)
	Cp(T) = DeltaCp + (DeltaH * exp((DeltaH * (1 - T / Tm)) / (R * T))) / (R * Tm * (1 + exp((DeltaH * (1 - T / Tm)) / (R * T)))**2) + (a+b*T)*M/1000
fitted parameters initialized with current variable values

iter      chisq       delta/lim  lambda   DeltaCp       DeltaH        Tm           
   0 5.6772865294e+02   0.00e+00  3.76e+01    5.000000e+00   1.000000e+02   3.600000e+02
   6 3.1526716161e+00  -1.28e-09  3.76e+06   -1.637656e-01   1.328397e+02   3.602230e+02

After 6 iterations the fit converged.
final sum of squares of residuals : 3.15267
rel. change during last iteration : -1.28184e-14

degrees of freedom    (FIT_NDF)                        : 18
rms of residuals      (FIT_STDFIT) = sqrt(WSSR/ndf)    : 0.418507
variance of residuals (reduced chisquare) = WSSR/ndf   : 0.175148

Final set of parameters            Asymptotic Standard Error
=======================            ==========================
DeltaCp         = -0.163766        +/- 0.09142      (55.82%)
DeltaH          = 132.84           +/- 2.986        (2.248%)
Tm              = 360.223          +/- 0.3303       (0.09169%)

correlation matrix of the fit parameters:
                DeltaC DeltaH Tm     
DeltaCp         1.000 
DeltaH         -0.041  1.000 
Tm             -0.019  0.067  1.000 


*******************************************************************************
Mon Nov 18 13:50:25 2024


FIT:    data read from 'profthermo_fixed.dat' using 2:8
        format = x:z
        #datapoints = 21
        residuals are weighted equally (unit weight)

function used for fitting: Cp(x)
	Cp(T) = DeltaCp + (DeltaH * exp((DeltaH * (1 - T / Tm)) / (R * T))) / (R * Tm * (1 + exp((DeltaH * (1 - T / Tm)) / (R * T)))**2)
fitted parameters initialized with current variable values

iter      chisq       delta/lim  lambda   DeltaCp       DeltaH        Tm           
   0 3.8945387382e+02   0.00e+00  1.49e+02    3.000000e+00   2.500000e+02   3.600000e+02
   6 3.1526778501e+00  -7.43e-01  1.49e-04   -1.637767e-01   1.328506e+02   3.602225e+02

After 6 iterations the fit converged.
final sum of squares of residuals : 3.15268
rel. change during last iteration : -7.42988e-06

degrees of freedom    (FIT_NDF)                        : 18
rms of residuals      (FIT_STDFIT) = sqrt(WSSR/ndf)    : 0.418508
variance of residuals (reduced chisquare) = WSSR/ndf   : 0.175149

Final set of parameters            Asymptotic Standard Error
=======================            ==========================
DeltaCp         = -0.163777        +/- 0.09142      (55.82%)
DeltaH          = 132.851          +/- 2.987        (2.248%)
Tm              = 360.223          +/- 0.3303       (0.09168%)

correlation matrix of the fit parameters:
                DeltaC DeltaH Tm     
DeltaCp         1.000 
DeltaH         -0.041  1.000 
Tm             -0.019  0.067  1.000 


*******************************************************************************
Mon Nov 18 13:53:06 2024


FIT:    data read from 'profthermo_fixed.dat' using 2:8
        format = x:z
        #datapoints = 21
        residuals are weighted equally (unit weight)

function used for fitting: Cp(x)
	Cp(T) = DeltaCp + (DeltaH * exp((DeltaH * (1 - T / Tm)) / (R * T))) / (R * Tm * (1 + exp((DeltaH * (1 - T / Tm)) / (R * T)))**2)
fitted parameters initialized with current variable values

iter      chisq       delta/lim  lambda   DeltaCp       DeltaH        Tm           
   0 3.8945387382e+02   0.00e+00  1.49e+02    3.000000e+00   2.500000e+02   3.600000e+02
   6 3.1526778501e+00  -7.43e-01  1.49e-04   -1.637767e-01   1.328506e+02   3.602225e+02

After 6 iterations the fit converged.
final sum of squares of residuals : 3.15268
rel. change during last iteration : -7.42988e-06

degrees of freedom    (FIT_NDF)                        : 18
rms of residuals      (FIT_STDFIT) = sqrt(WSSR/ndf)    : 0.418508
variance of residuals (reduced chisquare) = WSSR/ndf   : 0.175149

Final set of parameters            Asymptotic Standard Error
=======================            ==========================
DeltaCp         = -0.163777        +/- 0.09142      (55.82%)
DeltaH          = 132.851          +/- 2.987        (2.248%)
Tm              = 360.223          +/- 0.3303       (0.09168%)

correlation matrix of the fit parameters:
                DeltaC DeltaH Tm     
DeltaCp         1.000 
DeltaH         -0.041  1.000 
Tm             -0.019  0.067  1.000 


*******************************************************************************
Mon Nov 18 13:53:30 2024


FIT:    data read from 'profthermo_fixed.dat' using 2:8
        format = x:z
        #datapoints = 21
        residuals are weighted equally (unit weight)

function used for fitting: Cp(x)
	Cp(T) = DeltaCp + (DeltaH * exp((DeltaH * (1 - T / Tm)) / (R * T))) / (R * Tm * (1 + exp((DeltaH * (1 - T / Tm)) / (R * T)))**2)
fitted parameters initialized with current variable values

iter      chisq       delta/lim  lambda   DeltaCp       DeltaH        Tm           
   0 3.8945387382e+02   0.00e+00  1.49e+02    3.000000e+00   2.500000e+02   3.600000e+02
   6 3.1526778501e+00  -7.43e-01  1.49e-04   -1.637767e-01   1.328506e+02   3.602225e+02

After 6 iterations the fit converged.
final sum of squares of residuals : 3.15268
rel. change during last iteration : -7.42988e-06

degrees of freedom    (FIT_NDF)                        : 18
rms of residuals      (FIT_STDFIT) = sqrt(WSSR/ndf)    : 0.418508
variance of residuals (reduced chisquare) = WSSR/ndf   : 0.175149

Final set of parameters            Asymptotic Standard Error
=======================            ==========================
DeltaCp         = -0.163777        +/- 0.09142      (55.82%)
DeltaH          = 132.851          +/- 2.987        (2.248%)
Tm              = 360.223          +/- 0.3303       (0.09168%)

correlation matrix of the fit parameters:
                DeltaC DeltaH Tm     
DeltaCp         1.000 
DeltaH         -0.041  1.000 
Tm             -0.019  0.067  1.000 


*******************************************************************************
Mon Nov 18 13:54:42 2024


FIT:    data read from 'profthermo_fixed.dat' using 2:8
        format = x:z
        #datapoints = 17
        residuals are weighted equally (unit weight)

function used for fitting: Cp(x)
	Cp(T) = DeltaCp + (DeltaH * exp((DeltaH * (1 - T / Tm)) / (R * T))) / (R * Tm * (1 + exp((DeltaH * (1 - T / Tm)) / (R * T)))**2)
fitted parameters initialized with current variable values

iter      chisq       delta/lim  lambda   DeltaCp       DeltaH        Tm           
   0 3.6719273371e+02   0.00e+00  1.65e+02    3.000000e+00   2.500000e+02   3.600000e+02
   6 1.6250365985e+00  -2.74e-01  1.65e-04   -2.924025e-01   1.344414e+02   3.601540e+02

After 6 iterations the fit converged.
final sum of squares of residuals : 1.62504
rel. change during last iteration : -2.7374e-06

degrees of freedom    (FIT_NDF)                        : 14
rms of residuals      (FIT_STDFIT) = sqrt(WSSR/ndf)    : 0.340696
variance of residuals (reduced chisquare) = WSSR/ndf   : 0.116074

Final set of parameters            Asymptotic Standard Error
=======================            ==========================
DeltaCp         = -0.292402        +/- 0.08302      (28.39%)
DeltaH          = 134.441          +/- 2.481        (1.846%)
Tm              = 360.154          +/- 0.2648       (0.07352%)

correlation matrix of the fit parameters:
                DeltaC DeltaH Tm     
DeltaCp         1.000 
DeltaH         -0.096  1.000 
Tm              0.005  0.052  1.000 


*******************************************************************************
Mon Nov 18 13:54:59 2024


FIT:    data read from 'profthermo_fixed.dat' using 2:8
        format = x:z
        #datapoints = 17
        residuals are weighted equally (unit weight)

function used for fitting: Cp(x)
	Cp(T) = DeltaCp + (DeltaH * exp((DeltaH * (1 - T / Tm)) / (R * T))) / (R * Tm * (1 + exp((DeltaH * (1 - T / Tm)) / (R * T)))**2)
fitted parameters initialized with current variable values

iter      chisq       delta/lim  lambda   DeltaCp       DeltaH        Tm           
   0 3.6719273371e+02   0.00e+00  1.65e+02    3.000000e+00   2.500000e+02   3.600000e+02
   6 1.6250365985e+00  -2.74e-01  1.65e-04   -2.924025e-01   1.344414e+02   3.601540e+02

After 6 iterations the fit converged.
final sum of squares of residuals : 1.62504
rel. change during last iteration : -2.7374e-06

degrees of freedom    (FIT_NDF)                        : 14
rms of residuals      (FIT_STDFIT) = sqrt(WSSR/ndf)    : 0.340696
variance of residuals (reduced chisquare) = WSSR/ndf   : 0.116074

Final set of parameters            Asymptotic Standard Error
=======================            ==========================
DeltaCp         = -0.292402        +/- 0.08302      (28.39%)
DeltaH          = 134.441          +/- 2.481        (1.846%)
Tm              = 360.154          +/- 0.2648       (0.07352%)

correlation matrix of the fit parameters:
                DeltaC DeltaH Tm     
DeltaCp         1.000 
DeltaH         -0.096  1.000 
Tm              0.005  0.052  1.000 


*******************************************************************************
Mon Nov 18 13:59:00 2024


FIT:    data read from 'profthermo_fixed.dat' using 2:8
        format = x:z
        #datapoints = 29
        residuals are weighted equally (unit weight)

function used for fitting: Cp(x)
	Cp(T) = DeltaCp + (DeltaH * exp((DeltaH * (1 - T / Tm)) / (R * T))) / (R * Tm * (1 + exp((DeltaH * (1 - T / Tm)) / (R * T)))**2)
fitted parameters initialized with current variable values

iter      chisq       delta/lim  lambda   DeltaCp       DeltaH        Tm           
   0 4.3552825744e+02   0.00e+00  1.27e+02    3.000000e+00   2.500000e+02   3.600000e+02
   7 6.4326093081e+00  -9.15e-02  1.27e-05    2.842958e-02   1.315847e+02   3.602505e+02

After 7 iterations the fit converged.
final sum of squares of residuals : 6.43261
rel. change during last iteration : -9.14841e-07

degrees of freedom    (FIT_NDF)                        : 26
rms of residuals      (FIT_STDFIT) = sqrt(WSSR/ndf)    : 0.497401
variance of residuals (reduced chisquare) = WSSR/ndf   : 0.247408

Final set of parameters            Asymptotic Standard Error
=======================            ==========================
DeltaCp         = 0.0284296        +/- 0.0924       (325%)
DeltaH          = 131.585          +/- 3.516        (2.672%)
Tm              = 360.251          +/- 0.3981       (0.1105%)

correlation matrix of the fit parameters:
                DeltaC DeltaH Tm     
DeltaCp         1.000 
DeltaH         -0.005  1.000 
Tm             -0.027  0.069  1.000 


*******************************************************************************
Mon Nov 18 14:39:24 2024


FIT:    data read from 'profthermo_fixed.dat' using 2:8
        format = x:z
        #datapoints = 29
        residuals are weighted equally (unit weight)

function used for fitting: Cp(x)
	Cp(T) = DeltaCp + (DeltaH * exp((DeltaH * (1 - T / Tm)) / (R * T))) / (R * Tm * (1 + exp((DeltaH * (1 - T / Tm)) / (R * T)))**2)
fitted parameters initialized with current variable values

iter      chisq       delta/lim  lambda   DeltaCp       DeltaH        Tm           
   0 4.3552825744e+02   0.00e+00  1.27e+02    3.000000e+00   2.500000e+02   3.600000e+02
   7 6.4326093081e+00  -9.15e-02  1.27e-05    2.842958e-02   1.315847e+02   3.602505e+02

After 7 iterations the fit converged.
final sum of squares of residuals : 6.43261
rel. change during last iteration : -9.14841e-07

degrees of freedom    (FIT_NDF)                        : 26
rms of residuals      (FIT_STDFIT) = sqrt(WSSR/ndf)    : 0.497401
variance of residuals (reduced chisquare) = WSSR/ndf   : 0.247408

Final set of parameters            Asymptotic Standard Error
=======================            ==========================
DeltaCp         = 0.0284296        +/- 0.0924       (325%)
DeltaH          = 131.585          +/- 3.516        (2.672%)
Tm              = 360.251          +/- 0.3981       (0.1105%)

correlation matrix of the fit parameters:
                DeltaC DeltaH Tm     
DeltaCp         1.000 
DeltaH         -0.005  1.000 
Tm             -0.027  0.069  1.000 


*******************************************************************************
Mon Nov 18 14:44:17 2024


FIT:    data read from 'profthermo_fixed.dat' using 2:8
        format = x:z
        #datapoints = 29
        residuals are weighted equally (unit weight)

function used for fitting: Cp(x)
	Cp(T) = (DeltaH * exp((DeltaH * (1 - T / Tm)) / (R * T))) / (R * Tm * (1 + exp((DeltaH * (1 - T / Tm)) / (R * T)))**2) +  DeltaCp*(1/(1+exp(-(T-Tm))))
fitted parameters initialized with current variable values

iter      chisq       delta/lim  lambda   DeltaCp       DeltaH        Tm           
   0 6.5917511502e+02   0.00e+00  2.40e+02    1.000000e+00   4.000000e+02   3.600000e+02
   7 6.0484242053e+00  -7.87e-02  2.40e-05    2.129397e-01   1.317395e+02   3.599569e+02

After 7 iterations the fit converged.
final sum of squares of residuals : 6.04842
rel. change during last iteration : -7.87281e-07

degrees of freedom    (FIT_NDF)                        : 26
rms of residuals      (FIT_STDFIT) = sqrt(WSSR/ndf)    : 0.482319
variance of residuals (reduced chisquare) = WSSR/ndf   : 0.232632

Final set of parameters            Asymptotic Standard Error
=======================            ==========================
DeltaCp         = 0.21294          +/- 0.1597       (75%)
DeltaH          = 131.739          +/- 3.42         (2.596%)
Tm              = 359.957          +/- 0.4454       (0.1237%)

correlation matrix of the fit parameters:
                DeltaC DeltaH Tm     
DeltaCp         1.000 
DeltaH         -0.026  1.000 
Tm             -0.505  0.095  1.000 


*******************************************************************************
Mon Nov 18 14:44:48 2024


FIT:    data read from 'profthermo_fixed.dat' using 2:8
        format = x:z
        #datapoints = 29
        residuals are weighted equally (unit weight)

function used for fitting: Cp(x)
	Cp(T) = (DeltaH * exp((DeltaH * (1 - T / Tm)) / (R * T))) / (R * Tm * (1 + exp((DeltaH * (1 - T / Tm)) / (R * T)))**2) +  DeltaCp*(1/(1+exp(-(T-Tm))))
fitted parameters initialized with current variable values

iter      chisq       delta/lim  lambda   DeltaCp       DeltaH        Tm           
   0 6.5917511502e+02   0.00e+00  2.40e+02    1.000000e+00   4.000000e+02   3.600000e+02
   7 6.0484242053e+00  -7.87e-02  2.40e-05    2.129397e-01   1.317395e+02   3.599569e+02

After 7 iterations the fit converged.
final sum of squares of residuals : 6.04842
rel. change during last iteration : -7.87281e-07

degrees of freedom    (FIT_NDF)                        : 26
rms of residuals      (FIT_STDFIT) = sqrt(WSSR/ndf)    : 0.482319
variance of residuals (reduced chisquare) = WSSR/ndf   : 0.232632

Final set of parameters            Asymptotic Standard Error
=======================            ==========================
DeltaCp         = 0.21294          +/- 0.1597       (75%)
DeltaH          = 131.739          +/- 3.42         (2.596%)
Tm              = 359.957          +/- 0.4454       (0.1237%)

correlation matrix of the fit parameters:
                DeltaC DeltaH Tm     
DeltaCp         1.000 
DeltaH         -0.026  1.000 
Tm             -0.505  0.095  1.000 


*******************************************************************************
Mon Nov 18 14:45:02 2024


FIT:    data read from 'profthermo_fixed.dat' using 2:8
        format = x:z
        #datapoints = 29
        residuals are weighted equally (unit weight)

function used for fitting: Cp(x)
	Cp(T) = (DeltaH * exp((DeltaH * (1 - T / Tm)) / (R * T))) / (R * Tm * (1 + exp((DeltaH * (1 - T / Tm)) / (R * T)))**2) +  DeltaCp*(1/(1+exp(-(T-Tm))))
fitted parameters initialized with current variable values

iter      chisq       delta/lim  lambda   DeltaCp       DeltaH        Tm           
   0 6.5917511502e+02   0.00e+00  2.40e+02    1.000000e+00   4.000000e+02   3.600000e+02
   7 6.0484242053e+00  -7.87e-02  2.40e-05    2.129397e-01   1.317395e+02   3.599569e+02

After 7 iterations the fit converged.
final sum of squares of residuals : 6.04842
rel. change during last iteration : -7.87281e-07

degrees of freedom    (FIT_NDF)                        : 26
rms of residuals      (FIT_STDFIT) = sqrt(WSSR/ndf)    : 0.482319
variance of residuals (reduced chisquare) = WSSR/ndf   : 0.232632

Final set of parameters            Asymptotic Standard Error
=======================            ==========================
DeltaCp         = 0.21294          +/- 0.1597       (75%)
DeltaH          = 131.739          +/- 3.42         (2.596%)
Tm              = 359.957          +/- 0.4454       (0.1237%)

correlation matrix of the fit parameters:
                DeltaC DeltaH Tm     
DeltaCp         1.000 
DeltaH         -0.026  1.000 
Tm             -0.505  0.095  1.000 


*******************************************************************************
Mon Nov 18 14:45:19 2024


FIT:    data read from 'profthermo_fixed.dat' using 2:8
        format = x:z
        #datapoints = 25
        residuals are weighted equally (unit weight)

function used for fitting: Cp(x)
	Cp(T) = (DeltaH * exp((DeltaH * (1 - T / Tm)) / (R * T))) / (R * Tm * (1 + exp((DeltaH * (1 - T / Tm)) / (R * T)))**2) +  DeltaCp*(1/(1+exp(-(T-Tm))))
fitted parameters initialized with current variable values

iter      chisq       delta/lim  lambda   DeltaCp       DeltaH        Tm           
   0 6.5880917327e+02   0.00e+00  2.58e+02    1.000000e+00   4.000000e+02   3.600000e+02
   7 5.6846804141e+00  -8.71e-02  2.58e-05    2.129212e-01   1.317439e+02   3.599570e+02

After 7 iterations the fit converged.
final sum of squares of residuals : 5.68468
rel. change during last iteration : -8.71438e-07

degrees of freedom    (FIT_NDF)                        : 22
rms of residuals      (FIT_STDFIT) = sqrt(WSSR/ndf)    : 0.508325
variance of residuals (reduced chisquare) = WSSR/ndf   : 0.258395

Final set of parameters            Asymptotic Standard Error
=======================            ==========================
DeltaCp         = 0.212921         +/- 0.1683       (79.05%)
DeltaH          = 131.744          +/- 3.604        (2.736%)
Tm              = 359.957          +/- 0.4694       (0.1304%)

correlation matrix of the fit parameters:
                DeltaC DeltaH Tm     
DeltaCp         1.000 
DeltaH         -0.026  1.000 
Tm             -0.505  0.095  1.000 


*******************************************************************************
Mon Nov 18 14:49:54 2024


FIT:    data read from 'profthermo_fixed.dat' using 2:8
        format = x:z
        #datapoints = 25
        residuals are weighted equally (unit weight)

function used for fitting: Cp(x)
	Cp(T) = 11*exp(-(T-Tm)**2/(2*DeltaH**2)) +  DeltaCp*(1/(1+exp(-(T-Tm))))
fitted parameters initialized with current variable values

iter      chisq       delta/lim  lambda   DeltaCp       DeltaH        Tm           
   0 2.1166265951e+03   0.00e+00  1.03e+01    1.000000e+00   4.000000e+02   3.600000e+02

Current data point
=========================
#               = 1 out of 25
x               = -16.5951       
z               = 0.230174       

Current set of parameters
=========================
DeltaCp         = -16.5951       
DeltaH          = -720.392       
Tm              = 1163.14        

BREAK: Undefined value during function evaluation

*******************************************************************************
Mon Nov 18 14:51:02 2024


FIT:    data read from 'profthermo_fixed.dat' using 2:8
        format = x:z
        #datapoints = 25
        residuals are weighted equally (unit weight)

function used for fitting: Cp(x)
	Cp(T) = 11*exp( -(T-Tm)**2/(2*DeltaH**2) ) +  DeltaCp*(1/(1+exp(-(T-Tm))))
fitted parameters initialized with current variable values

iter      chisq       delta/lim  lambda   DeltaCp       DeltaH        Tm           
   0 4.1728894565e+00   0.00e+00  6.19e+01    1.000000e+00   1.000000e+01   3.600000e+02
   4 2.6353609024e+00   0.00e+00  6.19e+07    1.045068e+00   1.053320e+01   3.594641e+02

After 4 iterations the fit converged.
final sum of squares of residuals : 2.63536
rel. change during last iteration : 0

degrees of freedom    (FIT_NDF)                        : 22
rms of residuals      (FIT_STDFIT) = sqrt(WSSR/ndf)    : 0.346106
variance of residuals (reduced chisquare) = WSSR/ndf   : 0.119789

Final set of parameters            Asymptotic Standard Error
=======================            ==========================
DeltaCp         = 1.04507          +/- 0.1221       (11.69%)
DeltaH          = 10.5332          +/- 0.2264       (2.15%)
Tm              = 359.464          +/- 0.2662       (0.07405%)

correlation matrix of the fit parameters:
                DeltaC DeltaH Tm     
DeltaCp         1.000 
DeltaH         -0.484  1.000 
Tm             -0.435  0.207  1.000 


*******************************************************************************
Mon Nov 18 14:51:35 2024


FIT:    data read from 'profthermo_fixed.dat' using 2:8
        format = x:z
        #datapoints = 25
        residuals are weighted equally (unit weight)

function used for fitting: Cp(x)
	Cp(T) = a*exp( -(T-Tm)**2/(2*DeltaH**2) ) +  DeltaCp*(1/(1+exp(-(T-Tm))))
fitted parameters initialized with current variable values

iter      chisq       delta/lim  lambda   DeltaCp       DeltaH        Tm            a            
   0 3.4895312283e+02   0.00e+00  1.02e+01    1.000000e+00   1.000000e+01   3.600000e+02   1.000000e+00
  14 1.3095882856e+00  -2.69e-01  1.02e-09    1.146336e+00   1.099154e+01   3.592588e+02   1.023934e+01

After 14 iterations the fit converged.
final sum of squares of residuals : 1.30959
rel. change during last iteration : -2.68915e-06

degrees of freedom    (FIT_NDF)                        : 21
rms of residuals      (FIT_STDFIT) = sqrt(WSSR/ndf)    : 0.249723
variance of residuals (reduced chisquare) = WSSR/ndf   : 0.0623613

Final set of parameters            Asymptotic Standard Error
=======================            ==========================
DeltaCp         = 1.14634          +/- 0.09241      (8.061%)
DeltaH          = 10.9915          +/- 0.2018       (1.836%)
Tm              = 359.259          +/- 0.2183       (0.06077%)
a               = 10.2393          +/- 0.1636       (1.597%)

correlation matrix of the fit parameters:
                DeltaC DeltaH Tm     a      
DeltaCp         1.000 
DeltaH         -0.294  1.000 
Tm             -0.481  0.066  1.000 
a              -0.288 -0.448  0.263  1.000 


*******************************************************************************
Mon Nov 18 15:00:30 2024


FIT:    data read from 'profthermo_fixed.dat' using 2:8
        format = x:z
        #datapoints = 20
        residuals are weighted equally (unit weight)

function used for fitting: Cp(x)
	Cp(T) = a*exp( -(T-Tm)**2/(2*DeltaH**2) ) +  DeltaCp*(1/(1+exp(-(T-Tm))))
fitted parameters initialized with current variable values

iter      chisq       delta/lim  lambda   DeltaCp       DeltaH        Tm            a            
   0 3.4884385055e+02   0.00e+00  1.14e+01    1.000000e+00   1.000000e+01   3.600000e+02   1.000000e+00
  47 1.0715326308e+00  -4.08e-02  1.14e-06    1.235418e+00  -1.092183e+01   3.591538e+02   1.020036e+01

After 47 iterations the fit converged.
final sum of squares of residuals : 1.07153
rel. change during last iteration : -4.08276e-07

degrees of freedom    (FIT_NDF)                        : 16
rms of residuals      (FIT_STDFIT) = sqrt(WSSR/ndf)    : 0.258787
variance of residuals (reduced chisquare) = WSSR/ndf   : 0.0669708

Final set of parameters            Asymptotic Standard Error
=======================            ==========================
DeltaCp         = 1.23542          +/- 0.1116       (9.031%)
DeltaH          = -10.9218         +/- 0.2122       (1.943%)
Tm              = 359.154          +/- 0.2353       (0.0655%)
a               = 10.2004          +/- 0.1729       (1.695%)

correlation matrix of the fit parameters:
                DeltaC DeltaH Tm     a      
DeltaCp         1.000 
DeltaH          0.334  1.000 
Tm             -0.536 -0.104  1.000 
a              -0.333  0.406  0.303  1.000 


*******************************************************************************
Mon Nov 18 15:10:40 2024


FIT:    data read from 'profthermo_fixed.dat' using 2:8
        format = x:z
        #datapoints = 18
        residuals are weighted equally (unit weight)

function used for fitting: Cp(x)
	Cp(T) = a*exp( -(T-Tm)**2/(2*DeltaH**2) ) +  DeltaCp*(1/(1+exp(-(T-Tm))))
fitted parameters initialized with current variable values

iter      chisq       delta/lim  lambda   DeltaCp       DeltaH        Tm            a            
   0 3.4884206811e+02   0.00e+00  1.20e+01    1.000000e+00   1.000000e+01   3.600000e+02   1.000000e+00
  10 8.7587535085e-01   0.00e+00  1.20e+07    1.387663e+00   1.080688e+01   3.589768e+02   1.013135e+01

After 10 iterations the fit converged.
final sum of squares of residuals : 0.875875
rel. change during last iteration : 0

degrees of freedom    (FIT_NDF)                        : 14
rms of residuals      (FIT_STDFIT) = sqrt(WSSR/ndf)    : 0.250125
variance of residuals (reduced chisquare) = WSSR/ndf   : 0.0625625

Final set of parameters            Asymptotic Standard Error
=======================            ==========================
DeltaCp         = 1.38766          +/- 0.1336       (9.628%)
DeltaH          = 10.8069          +/- 0.211        (1.952%)
Tm              = 358.977          +/- 0.244        (0.06798%)
a               = 10.1314          +/- 0.1736       (1.714%)

correlation matrix of the fit parameters:
                DeltaC DeltaH Tm     a      
DeltaCp         1.000 
DeltaH         -0.396  1.000 
Tm             -0.615  0.171  1.000 
a              -0.406 -0.328  0.369  1.000 


*******************************************************************************
Mon Nov 18 15:11:24 2024


FIT:    data read from 'profthermo_fixed.dat' using 2:8
        format = x:z
        #datapoints = 17
        residuals are weighted equally (unit weight)

function used for fitting: Cp(x)
	Cp(T) = a*exp( -(T-Tm)**2/(2*DeltaH**2) ) +  DeltaCp*(1/(1+exp(-(T-Tm))))
fitted parameters initialized with current variable values

iter      chisq       delta/lim  lambda   DeltaCp       DeltaH        Tm            a            
   0 3.4883776142e+02   0.00e+00  1.23e+01    1.000000e+00   1.000000e+01   3.600000e+02   1.000000e+00
  10 8.7189463693e-01  -2.55e-02  1.23e-01    1.387543e+00   1.080754e+01   3.589772e+02   1.013107e+01

After 10 iterations the fit converged.
final sum of squares of residuals : 0.871895
rel. change during last iteration : -2.54845e-07

degrees of freedom    (FIT_NDF)                        : 13
rms of residuals      (FIT_STDFIT) = sqrt(WSSR/ndf)    : 0.258976
variance of residuals (reduced chisquare) = WSSR/ndf   : 0.0670688

Final set of parameters            Asymptotic Standard Error
=======================            ==========================
DeltaCp         = 1.38754          +/- 0.1383       (9.97%)
DeltaH          = 10.8075          +/- 0.2184       (2.021%)
Tm              = 358.977          +/- 0.2527       (0.07039%)
a               = 10.1311          +/- 0.1798       (1.774%)

correlation matrix of the fit parameters:
                DeltaC DeltaH Tm     a      
DeltaCp         1.000 
DeltaH         -0.396  1.000 
Tm             -0.615  0.171  1.000 
a              -0.406 -0.328  0.369  1.000 


*******************************************************************************
Mon Nov 18 15:11:35 2024


FIT:    data read from 'profthermo_fixed.dat' using 2:8
        format = x:z
        #datapoints = 17
        residuals are weighted equally (unit weight)

function used for fitting: Cp(x)
	Cp(T) = a*exp( -(T-Tm)**2/(2*DeltaH**2) ) +  DeltaCp*(1/(1+exp(-(T-Tm))))
fitted parameters initialized with current variable values

iter      chisq       delta/lim  lambda   DeltaCp       DeltaH        Tm            a            
   0 3.4883776142e+02   0.00e+00  1.23e+01    1.000000e+00   1.000000e+01   3.600000e+02   1.000000e+00
  10 8.7189463693e-01  -2.55e-02  1.23e-01    1.387543e+00   1.080754e+01   3.589772e+02   1.013107e+01

After 10 iterations the fit converged.
final sum of squares of residuals : 0.871895
rel. change during last iteration : -2.54845e-07

degrees of freedom    (FIT_NDF)                        : 13
rms of residuals      (FIT_STDFIT) = sqrt(WSSR/ndf)    : 0.258976
variance of residuals (reduced chisquare) = WSSR/ndf   : 0.0670688

Final set of parameters            Asymptotic Standard Error
=======================            ==========================
DeltaCp         = 1.38754          +/- 0.1383       (9.97%)
DeltaH          = 10.8075          +/- 0.2184       (2.021%)
Tm              = 358.977          +/- 0.2527       (0.07039%)
a               = 10.1311          +/- 0.1798       (1.774%)

correlation matrix of the fit parameters:
                DeltaC DeltaH Tm     a      
DeltaCp         1.000 
DeltaH         -0.396  1.000 
Tm             -0.615  0.171  1.000 
a              -0.406 -0.328  0.369  1.000 


*******************************************************************************
Mon Nov 18 15:12:06 2024


FIT:    data read from 'profthermo_fixed.dat' using 2:8
        format = x:z
        #datapoints = 17
        residuals are weighted equally (unit weight)

function used for fitting: Cp(x)
	Cp(T) = a*exp( -(T-Tm)**2/(2*DeltaH**2) ) +  DeltaCp*(1/(1+exp(-(T-Tm))))
fitted parameters initialized with current variable values

iter      chisq       delta/lim  lambda   DeltaCp       DeltaH        Tm            a            
   0 3.4883776142e+02   0.00e+00  1.23e+01    1.000000e+00   1.000000e+01   3.600000e+02   1.000000e+00
  10 8.7189463693e-01  -2.55e-02  1.23e-01    1.387543e+00   1.080754e+01   3.589772e+02   1.013107e+01

After 10 iterations the fit converged.
final sum of squares of residuals : 0.871895
rel. change during last iteration : -2.54845e-07

degrees of freedom    (FIT_NDF)                        : 13
rms of residuals      (FIT_STDFIT) = sqrt(WSSR/ndf)    : 0.258976
variance of residuals (reduced chisquare) = WSSR/ndf   : 0.0670688

Final set of parameters            Asymptotic Standard Error
=======================            ==========================
DeltaCp         = 1.38754          +/- 0.1383       (9.97%)
DeltaH          = 10.8075          +/- 0.2184       (2.021%)
Tm              = 358.977          +/- 0.2527       (0.07039%)
a               = 10.1311          +/- 0.1798       (1.774%)

correlation matrix of the fit parameters:
                DeltaC DeltaH Tm     a      
DeltaCp         1.000 
DeltaH         -0.396  1.000 
Tm             -0.615  0.171  1.000 
a              -0.406 -0.328  0.369  1.000 
